[2025-12-25 22:41:26] local.ERROR: The C:\Users\hagga\Documents\GitHub\TeamBoard\bootstrap\cache directory must be present and writable. {"exception":"[object] (Exception(code: 0): The C:\\Users\\hagga\\Documents\\GitHub\\TeamBoard\\bootstrap\\cache directory must be present and writable. at C:\\Users\\hagga\\Documents\\GitHub\\TeamBoard\\vendor\\laravel\\framework\\src\\Illuminate\\Foundation\\PackageManifest.php:179)
[stacktrace]
#0 C:\\Users\\hagga\\Documents\\GitHub\\TeamBoard\\vendor\\laravel\\framework\\src\\Illuminate\\Foundation\\PackageManifest.php(132): Illuminate\\Foundation\\PackageManifest->write()
#1 C:\\Users\\hagga\\Documents\\GitHub\\TeamBoard\\vendor\\laravel\\framework\\src\\Illuminate\\Foundation\\PackageManifest.php(108): Illuminate\\Foundation\\PackageManifest->build()
#2 C:\\Users\\hagga\\Documents\\GitHub\\TeamBoard\\vendor\\laravel\\framework\\src\\Illuminate\\Foundation\\PackageManifest.php(91): Illuminate\\Foundation\\PackageManifest->getManifest()
#3 C:\\Users\\hagga\\Documents\\GitHub\\TeamBoard\\vendor\\laravel\\framework\\src\\Illuminate\\Foundation\\PackageManifest.php(80): Illuminate\\Foundation\\PackageManifest->config()
#4 C:\\Users\\hagga\\Documents\\GitHub\\TeamBoard\\vendor\\laravel\\framework\\src\\Illuminate\\Foundation\\Bootstrap\\RegisterFacades.php(26): Illuminate\\Foundation\\PackageManifest->aliases()
#5 C:\\Users\\hagga\\Documents\\GitHub\\TeamBoard\\vendor\\laravel\\framework\\src\\Illuminate\\Foundation\\Application.php(342): Illuminate\\Foundation\\Bootstrap\\RegisterFacades->bootstrap()
#6 C:\\Users\\hagga\\Documents\\GitHub\\TeamBoard\\vendor\\laravel\\framework\\src\\Illuminate\\Foundation\\Console\\Kernel.php(474): Illuminate\\Foundation\\Application->bootstrapWith()
#7 C:\\Users\\hagga\\Documents\\GitHub\\TeamBoard\\vendor\\laravel\\framework\\src\\Illuminate\\Foundation\\Console\\Kernel.php(196): Illuminate\\Foundation\\Console\\Kernel->bootstrap()
#8 C:\\Users\\hagga\\Documents\\GitHub\\TeamBoard\\vendor\\laravel\\framework\\src\\Illuminate\\Foundation\\Application.php(1235): Illuminate\\Foundation\\Console\\Kernel->handle()
#9 C:\\Users\\hagga\\Documents\\GitHub\\TeamBoard\\artisan(13): Illuminate\\Foundation\\Application->handleCommand()
#10 {main}
"} 
[2025-12-25 22:41:29] local.ERROR: The C:\Users\hagga\Documents\GitHub\TeamBoard\bootstrap\cache directory must be present and writable. {"exception":"[object] (Exception(code: 0): The C:\\Users\\hagga\\Documents\\GitHub\\TeamBoard\\bootstrap\\cache directory must be present and writable. at C:\\Users\\hagga\\Documents\\GitHub\\TeamBoard\\vendor\\laravel\\framework\\src\\Illuminate\\Foundation\\PackageManifest.php:179)
[stacktrace]
#0 C:\\Users\\hagga\\Documents\\GitHub\\TeamBoard\\vendor\\laravel\\framework\\src\\Illuminate\\Foundation\\PackageManifest.php(132): Illuminate\\Foundation\\PackageManifest->write()
#1 C:\\Users\\hagga\\Documents\\GitHub\\TeamBoard\\vendor\\laravel\\framework\\src\\Illuminate\\Foundation\\PackageManifest.php(108): Illuminate\\Foundation\\PackageManifest->build()
#2 C:\\Users\\hagga\\Documents\\GitHub\\TeamBoard\\vendor\\laravel\\framework\\src\\Illuminate\\Foundation\\PackageManifest.php(91): Illuminate\\Foundation\\PackageManifest->getManifest()
#3 C:\\Users\\hagga\\Documents\\GitHub\\TeamBoard\\vendor\\laravel\\framework\\src\\Illuminate\\Foundation\\PackageManifest.php(80): Illuminate\\Foundation\\PackageManifest->config()
#4 C:\\Users\\hagga\\Documents\\GitHub\\TeamBoard\\vendor\\laravel\\framework\\src\\Illuminate\\Foundation\\Bootstrap\\RegisterFacades.php(26): Illuminate\\Foundation\\PackageManifest->aliases()
#5 C:\\Users\\hagga\\Documents\\GitHub\\TeamBoard\\vendor\\laravel\\framework\\src\\Illuminate\\Foundation\\Application.php(342): Illuminate\\Foundation\\Bootstrap\\RegisterFacades->bootstrap()
#6 C:\\Users\\hagga\\Documents\\GitHub\\TeamBoard\\vendor\\laravel\\framework\\src\\Illuminate\\Foundation\\Console\\Kernel.php(474): Illuminate\\Foundation\\Application->bootstrapWith()
#7 C:\\Users\\hagga\\Documents\\GitHub\\TeamBoard\\vendor\\laravel\\framework\\src\\Illuminate\\Foundation\\Console\\Kernel.php(196): Illuminate\\Foundation\\Console\\Kernel->bootstrap()
#8 C:\\Users\\hagga\\Documents\\GitHub\\TeamBoard\\vendor\\laravel\\framework\\src\\Illuminate\\Foundation\\Application.php(1235): Illuminate\\Foundation\\Console\\Kernel->handle()
#9 C:\\Users\\hagga\\Documents\\GitHub\\TeamBoard\\artisan(13): Illuminate\\Foundation\\Application->handleCommand()
#10 {main}
"} 
